c:\users\max\documents\visual studio 2013\projects\physicsengine\physicsengine\debug\physicsengine.pch
c:\users\max\documents\visual studio 2013\projects\physicsengine\physicsengine\debug\vc120.pdb
c:\users\max\documents\visual studio 2013\projects\physicsengine\physicsengine\debug\vc120.idb
c:\users\max\documents\visual studio 2013\projects\physicsengine\physicsengine\debug\stdafx.obj
c:\users\max\documents\visual studio 2013\projects\physicsengine\physicsengine\debug\grid2d.obj
c:\users\max\documents\visual studio 2013\projects\physicsengine\physicsengine\debug\multiresgrid.obj
c:\users\max\documents\visual studio 2013\projects\physicsengine\physicsengine\debug\physicsenginetest.obj
c:\users\max\documents\visual studio 2013\projects\physicsengine\physicsengine\debug\physicsworld.obj
c:\users\max\documents\visual studio 2013\projects\physicsengine\physicsengine\debug\rigidbody.obj
c:\users\max\documents\visual studio 2013\projects\physicsengine\physicsengine\debug\spherebvh.obj
c:\users\max\documents\visual studio 2013\projects\physicsengine\physicsengine\debug\spatialgrid2d.obj
c:\users\max\documents\visual studio 2013\projects\physicsengine\physicsengine\debug\main.obj
c:\users\max\documents\visual studio 2013\projects\physicsengine\debug\physicsengine.ilk
c:\users\max\documents\visual studio 2013\projects\physicsengine\debug\physicsengine.exe
c:\users\max\documents\visual studio 2013\projects\physicsengine\debug\physicsengine.pdb
c:\users\max\documents\visual studio 2013\projects\physicsengine\physicsengine\debug\physicsengine.tlog\cl.command.1.tlog
c:\users\max\documents\visual studio 2013\projects\physicsengine\physicsengine\debug\physicsengine.tlog\cl.read.1.tlog
c:\users\max\documents\visual studio 2013\projects\physicsengine\physicsengine\debug\physicsengine.tlog\cl.write.1.tlog
c:\users\max\documents\visual studio 2013\projects\physicsengine\physicsengine\debug\physicsengine.tlog\link.command.1.tlog
c:\users\max\documents\visual studio 2013\projects\physicsengine\physicsengine\debug\physicsengine.tlog\link.read.1.tlog
c:\users\max\documents\visual studio 2013\projects\physicsengine\physicsengine\debug\physicsengine.tlog\link.write.1.tlog
